<?xml version="1.0" encoding="UTF-8"?>
<!-- Generated by org.testng.reporters.JUnitXMLReporter -->
<testsuite hostname="LAPTOP-RT8ROG2F" ignored="6" name="Test" tests="2" failures="0" timestamp="21 Apr 2023 11:38:46 GMT" time="0.032" errors="0">
  <testcase name="test4" time="0.0" classname="testcases.CreditCardTest"/>
  <testcase name="test2" time="0.0" classname="testcases.HomeLoantest"/>
  <testcase name="@BeforeTest method3" time="0.0" classname="testcases.BaseClass">
    <ignored/>
  </testcase> <!-- @BeforeTest method3 -->
  <testcase name="@BeforeTest method3" time="0.0" classname="testcases.BaseClass">
    <ignored/>
  </testcase> <!-- @BeforeTest method3 -->
  <testcase name="test1" time="0.0" classname="testcases.HomeLoantest">
    <ignored/>
  </testcase> <!-- test1 -->
  <testcase name="@AfterTest method4" time="0.0" classname="testcases.BaseClass">
    <ignored/>
  </testcase> <!-- @AfterTest method4 -->
  <testcase name="@AfterTest method4" time="0.0" classname="testcases.BaseClass">
    <ignored/>
  </testcase> <!-- @AfterTest method4 -->
  <testcase name="test3" time="0.0" classname="testcases.CarLoanTest">
    <ignored/>
  </testcase> <!-- test3 -->
</testsuite> <!-- Test -->
